Created by PLY version 3.11 (http://www.dabeaz.com/ply)

Grammar

Rule 0     S' -> curp
Rule 1     curp -> LETRAS LETRAS LETRAS LETRAS NUMEROS NUMEROS NUMEROS NUMEROS NUMEROS NUMEROS LETRAS LETRAS LETRAS LETRAS LETRAS NUMEROS

Terminals, with rules where they appear

LETRAS               : 1 1 1 1 1 1 1 1 1
NUMEROS              : 1 1 1 1 1 1 1
error                : 

Nonterminals, with rules where they appear

curp                 : 0

Parsing method: LALR

state 0

    (0) S' -> . curp
    (1) curp -> . LETRAS LETRAS LETRAS LETRAS NUMEROS NUMEROS NUMEROS NUMEROS NUMEROS NUMEROS LETRAS LETRAS LETRAS LETRAS LETRAS NUMEROS

    LETRAS          shift and go to state 2

    curp                           shift and go to state 1

state 1

    (0) S' -> curp .



state 2

    (1) curp -> LETRAS . LETRAS LETRAS LETRAS NUMEROS NUMEROS NUMEROS NUMEROS NUMEROS NUMEROS LETRAS LETRAS LETRAS LETRAS LETRAS NUMEROS

    LETRAS          shift and go to state 3


state 3

    (1) curp -> LETRAS LETRAS . LETRAS LETRAS NUMEROS NUMEROS NUMEROS NUMEROS NUMEROS NUMEROS LETRAS LETRAS LETRAS LETRAS LETRAS NUMEROS

    LETRAS          shift and go to state 4


state 4

    (1) curp -> LETRAS LETRAS LETRAS . LETRAS NUMEROS NUMEROS NUMEROS NUMEROS NUMEROS NUMEROS LETRAS LETRAS LETRAS LETRAS LETRAS NUMEROS

    LETRAS          shift and go to state 5


state 5

    (1) curp -> LETRAS LETRAS LETRAS LETRAS . NUMEROS NUMEROS NUMEROS NUMEROS NUMEROS NUMEROS LETRAS LETRAS LETRAS LETRAS LETRAS NUMEROS

    NUMEROS         shift and go to state 6


state 6

    (1) curp -> LETRAS LETRAS LETRAS LETRAS NUMEROS . NUMEROS NUMEROS NUMEROS NUMEROS NUMEROS LETRAS LETRAS LETRAS LETRAS LETRAS NUMEROS

    NUMEROS         shift and go to state 7


state 7

    (1) curp -> LETRAS LETRAS LETRAS LETRAS NUMEROS NUMEROS . NUMEROS NUMEROS NUMEROS NUMEROS LETRAS LETRAS LETRAS LETRAS LETRAS NUMEROS

    NUMEROS         shift and go to state 8


state 8

    (1) curp -> LETRAS LETRAS LETRAS LETRAS NUMEROS NUMEROS NUMEROS . NUMEROS NUMEROS NUMEROS LETRAS LETRAS LETRAS LETRAS LETRAS NUMEROS

    NUMEROS         shift and go to state 9


state 9

    (1) curp -> LETRAS LETRAS LETRAS LETRAS NUMEROS NUMEROS NUMEROS NUMEROS . NUMEROS NUMEROS LETRAS LETRAS LETRAS LETRAS LETRAS NUMEROS

    NUMEROS         shift and go to state 10


state 10

    (1) curp -> LETRAS LETRAS LETRAS LETRAS NUMEROS NUMEROS NUMEROS NUMEROS NUMEROS . NUMEROS LETRAS LETRAS LETRAS LETRAS LETRAS NUMEROS

    NUMEROS         shift and go to state 11


state 11

    (1) curp -> LETRAS LETRAS LETRAS LETRAS NUMEROS NUMEROS NUMEROS NUMEROS NUMEROS NUMEROS . LETRAS LETRAS LETRAS LETRAS LETRAS NUMEROS

    LETRAS          shift and go to state 12


state 12

    (1) curp -> LETRAS LETRAS LETRAS LETRAS NUMEROS NUMEROS NUMEROS NUMEROS NUMEROS NUMEROS LETRAS . LETRAS LETRAS LETRAS LETRAS NUMEROS

    LETRAS          shift and go to state 13


state 13

    (1) curp -> LETRAS LETRAS LETRAS LETRAS NUMEROS NUMEROS NUMEROS NUMEROS NUMEROS NUMEROS LETRAS LETRAS . LETRAS LETRAS LETRAS NUMEROS

    LETRAS          shift and go to state 14


state 14

    (1) curp -> LETRAS LETRAS LETRAS LETRAS NUMEROS NUMEROS NUMEROS NUMEROS NUMEROS NUMEROS LETRAS LETRAS LETRAS . LETRAS LETRAS NUMEROS

    LETRAS          shift and go to state 15


state 15

    (1) curp -> LETRAS LETRAS LETRAS LETRAS NUMEROS NUMEROS NUMEROS NUMEROS NUMEROS NUMEROS LETRAS LETRAS LETRAS LETRAS . LETRAS NUMEROS

    LETRAS          shift and go to state 16


state 16

    (1) curp -> LETRAS LETRAS LETRAS LETRAS NUMEROS NUMEROS NUMEROS NUMEROS NUMEROS NUMEROS LETRAS LETRAS LETRAS LETRAS LETRAS . NUMEROS

    NUMEROS         shift and go to state 17


state 17

    (1) curp -> LETRAS LETRAS LETRAS LETRAS NUMEROS NUMEROS NUMEROS NUMEROS NUMEROS NUMEROS LETRAS LETRAS LETRAS LETRAS LETRAS NUMEROS .

    $end            reduce using rule 1 (curp -> LETRAS LETRAS LETRAS LETRAS NUMEROS NUMEROS NUMEROS NUMEROS NUMEROS NUMEROS LETRAS LETRAS LETRAS LETRAS LETRAS NUMEROS .)

